time="2025-07-16T16:50:25+03:00" level=info msg="Лог-файл подключён:logs/app.log"
time="2025-07-16T16:50:25+03:00" level=info msg="Логгер инициализирован"
time="2025-07-16T16:50:25+03:00" level=info msg="Подключение к базе данных установлено"
time="2025-07-16T16:50:27+03:00" level=info msg="Лог-файл подключён:logs/app.log"
time="2025-07-16T16:50:27+03:00" level=info msg="Логгер инициализирован"
time="2025-07-16T16:50:27+03:00" level=info msg="Подключение к базе данных установлено"
time="2025-07-16T16:53:22+03:00" level=info msg="Лог-файл подключён:logs/app.log"
time="2025-07-16T16:53:22+03:00" level=info msg="Логгер инициализирован"
time="2025-07-16T16:53:22+03:00" level=info msg="Подключение к базе данных установлено"
time="2025-07-16T16:55:03+03:00" level=info msg="Лог-файл подключён:logs/app.log"
time="2025-07-16T16:55:03+03:00" level=info msg="Логгер инициализирован"
time="2025-07-16T16:55:03+03:00" level=info msg="Подключение к базе данных установлено"time="2025-07-17T01:33:57+03:00" level=info msg="Лог-файл подключён:logs/app.log"
time="2025-07-17T01:33:57+03:00" level=info msg="Логгер инициализирован"
time="2025-07-17T01:33:57+03:00" level=info msg="Подключение к базе данных установлено"
time="2025-07-17T01:33:57+03:00" level=info msg="Сервер запущен на порту 8080"
time="2025-07-17T01:40:34+03:00" level=info msg="Лог-файл подключён:logs/app.log"
time="2025-07-17T01:40:34+03:00" level=info msg="Логгер инициализирован"
time="2025-07-17T01:40:34+03:00" level=info msg="Подключение к базе данных установлено"
time="2025-07-17T01:40:34+03:00" level=info msg="Сервер запущен на порту 8080"
time="2025-07-17T01:45:34+03:00" level=info msg="Лог-файл подключён:logs/app.log"
time="2025-07-17T01:45:34+03:00" level=info msg="Логгер инициализирован"
time="2025-07-17T01:45:34+03:00" level=info msg="Подключение к базе данных установлено"
time="2025-07-17T01:45:34+03:00" level=info msg="Сервер запущен на порту 8080"
time="2025-07-17T01:45:52+03:00" level=info msg="Лог-файл подключён:logs/app.log"
time="2025-07-17T01:45:52+03:00" level=info msg="Логгер инициализирован"
time="2025-07-17T01:45:52+03:00" level=info msg="Подключение к базе данных установлено"
time="2025-07-17T01:45:52+03:00" level=info msg="Сервер запущен на порту 8080"
time="2025-07-17T23:40:14+03:00" level=info msg="Лог-файл подключён:logs/app.log"
time="2025-07-17T23:40:14+03:00" level=info msg="Логгер инициализирован"
time="2025-07-17T23:40:14+03:00" level=info msg="Подключение к базе данных установлено"
time="2025-07-17T23:40:14+03:00" level=info msg="Сервер запущен на порту 8080"
time="2025-07-17T23:43:40+03:00" level=info msg="Лог-файл подключён:logs/app.log"
time="2025-07-17T23:43:40+03:00" level=info msg="Логгер инициализирован"
time="2025-07-17T23:43:40+03:00" level=info msg="Подключение к базе данных установлено"
time="2025-07-17T23:43:40+03:00" level=info msg="Сервер запущен на порту 8080"
time="2025-07-17T23:46:13+03:00" level=info msg="Лог-файл подключён:logs/app.log"
time="2025-07-17T23:46:13+03:00" level=info msg="Логгер инициализирован"
time="2025-07-17T23:46:13+03:00" level=info msg="Подключение к базе данных установлено"
time="2025-07-17T23:46:13+03:00" level=info msg="Сервер запущен на порту 8080"
time="2025-07-17T23:46:25+03:00" level=warning msg="Невалидный UUID: "
time="2025-07-17T23:47:23+03:00" level=info msg="Лог-файл подключён:logs/app.log"
time="2025-07-17T23:47:23+03:00" level=info msg="Логгер инициализирован"
time="2025-07-17T23:47:23+03:00" level=info msg="Подключение к базе данных установлено"
time="2025-07-17T23:47:23+03:00" level=info msg="Сервер запущен на порту 8080"
time="2025-07-17T23:48:02+03:00" level=info msg="Лог-файл подключён:logs/app.log"
time="2025-07-17T23:48:02+03:00" level=info msg="Логгер инициализирован"
time="2025-07-17T23:48:02+03:00" level=info msg="Подключение к базе данных установлено"
time="2025-07-17T23:48:02+03:00" level=info msg="Сервер запущен на порту 8080"
time="2025-07-17T23:48:18+03:00" level=info msg="Лог-файл подключён:logs/app.log"
time="2025-07-17T23:48:18+03:00" level=info msg="Логгер инициализирован"
time="2025-07-17T23:48:18+03:00" level=info msg="Подключение к базе данных установлено"
time="2025-07-17T23:48:18+03:00" level=info msg="Сервер запущен на порту 8080"
time="2025-07-17T23:56:35+03:00" level=info msg="Лог-файл подключён:logs/app.log"
time="2025-07-17T23:56:35+03:00" level=info msg="Логгер инициализирован"
time="2025-07-17T23:56:35+03:00" level=info msg="Подключение к базе данных установлено"
time="2025-07-17T23:56:35+03:00" level=info msg="Сервер запущен на порту 8080"
time="2025-07-18T00:07:39+03:00" level=info msg="Лог-файл подключён:logs/app.log"
time="2025-07-18T00:07:39+03:00" level=info msg="Логгер инициализирован"
time="2025-07-18T00:07:39+03:00" level=info msg="Подключение к базе данных установлено"
time="2025-07-18T00:07:39+03:00" level=info msg="Сервер запущен на порту 8080"
time="2025-07-18T00:10:16+03:00" level=info msg="Лог-файл подключён:logs/app.log"
time="2025-07-18T00:10:16+03:00" level=info msg="Логгер инициализирован"
time="2025-07-18T00:10:16+03:00" level=info msg="Подключение к базе данных установлено"
time="2025-07-18T00:10:16+03:00" level=info msg="Сервер запущен на порту 8080"
time="2025-07-18T00:10:16+03:00" level=info msg="Сервер запущен на порту 8080"
time="2025-07-18T00:13:57+03:00" level=info msg="Лог-файл подключён:logs/app.log"
time="2025-07-18T00:13:57+03:00" level=info msg="Логгер инициализирован"
time="2025-07-18T00:13:57+03:00" level=info msg="Подключение к базе данных установлено"
time="2025-07-18T00:13:57+03:00" level=info msg="Сервер запущен на порту 8080"
time="2025-07-18T00:19:29+03:00" level=info msg="Лог-файл подключён:logs/app.log"
time="2025-07-18T00:19:29+03:00" level=info msg="Логгер инициализирован"
time="2025-07-18T00:19:29+03:00" level=info msg="Подключение к базе данных установлено"
time="2025-07-18T00:19:29+03:00" level=info msg="Сервер запущен на порту 8081"
time="2025-07-18T01:53:28+03:00" level=info msg="Лог-файл подключён:logs/app.log"
time="2025-07-18T01:53:28+03:00" level=info msg="Логгер инициализирован"
time="2025-07-18T01:53:28+03:00" level=info msg="Подключение к базе данных установлено"
time="2025-07-18T01:53:28+03:00" level=info msg="Сервер запущен на порту 8081"
time="2025-07-18T01:54:04+03:00" level=info msg="Запрос на получение всех подписок"
time="2025-07-18T01:54:04+03:00" level=info msg="Получено 5 подписок"
time="2025-07-18T01:54:18+03:00" level=info msg="Получен запрос на получение подписки по ID"
time="2025-07-18T01:54:18+03:00" level=info msg="Подписка с ID 123e4567-e89b-12d3-a456-426614174000 не найдена"
time="2025-07-18T01:54:37+03:00" level=info msg="CreateSubscription: получен POST-запрос"
time="2025-07-18T01:54:37+03:00" level=info msg="Подписка успешно создана: ID=168858b8-3c81-45e6-9d10-ee72c3c9fdc3"
time="2025-07-18T01:54:54+03:00" level=info msg="Получен запрос на обновление подписки"
time="2025-07-18T01:54:54+03:00" level=warning msg="Подписка с id 123e4567-e89b-12d3-a456-426614174000 не найдена для обновления"
time="2025-07-18T01:54:59+03:00" level=info msg="Получен запрос на обновление подписки"
time="2025-07-18T01:54:59+03:00" level=warning msg="Подписка с id 123e4567-e89b-12d3-a456-426614174000 не найдена для обновления"
time="2025-07-18T01:55:04+03:00" level=info msg="Получен запрос на удаление подписки"
time="2025-07-18T01:55:04+03:00" level=warning msg="Подписка с id 123e4567-e89b-12d3-a456-426614174000 не найдена для удаления"
time="2025-07-18T01:55:45+03:00" level=info msg="Запрос на получение всех подписок"
time="2025-07-18T01:55:45+03:00" level=info msg="Получено 6 подписок"
time="2025-07-18T01:57:16+03:00" level=info msg="Получен запрос на подсчёт суммы подписок"
time="2025-07-18T01:57:16+03:00" level=info msg="Общая сумма подписок: 999"
time="2025-07-18T02:03:17+03:00" level=info msg="Запрос на получение всех подписок"
time="2025-07-18T02:03:17+03:00" level=info msg="Получено 6 подписок"
time="2025-07-18T02:03:50+03:00" level=info msg="Запрос на получение всех подписок"
time="2025-07-18T02:03:50+03:00" level=info msg="Получено 6 подписок"
time="2025-07-18T02:20:03+03:00" level=info msg="Лог-файл подключён:logs/app.log"
time="2025-07-18T02:20:03+03:00" level=info msg="Логгер инициализирован"
time="2025-07-18T02:20:03+03:00" level=info msg="Подключение к базе данных установлено"
time="2025-07-18T02:20:03+03:00" level=info msg="Сервер запущен на порту 8081"
time="2025-07-18T17:06:19+03:00" level=info msg="Лог-файл подключён:logs/app.log"
time="2025-07-18T17:06:19+03:00" level=info msg="Логгер инициализирован"
time="2025-07-18T17:06:20+03:00" level=fatal msg="Ошибка подключения к базе: ошибка проверки соединения: dial tcp: lookup postgres_db: no such host"
time="2025-07-18T17:06:29+03:00" level=info msg="Лог-файл подключён:logs/app.log"
time="2025-07-18T17:06:29+03:00" level=info msg="Логгер инициализирован"
time="2025-07-18T17:06:29+03:00" level=fatal msg="Ошибка подключения к базе: ошибка проверки соединения: dial tcp: lookup db: no such host"
time="2025-07-18T17:07:37+03:00" level=info msg="Лог-файл подключён:logs/app.log"
time="2025-07-18T17:07:37+03:00" level=info msg="Логгер инициализирован"
time="2025-07-18T17:07:37+03:00" level=info msg="Подключение к базе данных установлено"
time="2025-07-18T17:07:37+03:00" level=info msg="Сервер запущен на порту 8081"
time="2025-07-18T17:07:37+03:00" level=fatal msg="Ошибка запуска сервера: listen tcp :8081: bind: address already in use"
time="2025-07-18T17:07:52+03:00" level=info msg="Лог-файл подключён:logs/app.log"
time="2025-07-18T17:07:52+03:00" level=info msg="Логгер инициализирован"
time="2025-07-18T17:07:52+03:00" level=info msg="Подключение к базе данных установлено"
time="2025-07-18T17:07:52+03:00" level=info msg="Сервер запущен на порту 8081"
time="2025-07-18T17:07:52+03:00" level=fatal msg="Ошибка запуска сервера: listen tcp :8081: bind: address already in use"
time="2025-07-18T17:08:43+03:00" level=info msg="Лог-файл подключён:logs/app.log"
time="2025-07-18T17:08:43+03:00" level=info msg="Логгер инициализирован"
time="2025-07-18T17:08:43+03:00" level=info msg="Подключение к базе данных установлено"
time="2025-07-18T17:08:43+03:00" level=info msg="Сервер запущен на порту 8081"
time="2025-07-18T17:08:51+03:00" level=info msg="Запрос на получение всех подписок"
time="2025-07-18T17:08:51+03:00" level=info msg="Получено 6 подписок"
time="2025-07-19T01:19:39+03:00" level=info msg="Лог-файл подключён:logs/app.log"
time="2025-07-19T01:19:39+03:00" level=info msg="Логгер инициализирован"
time="2025-07-19T01:19:40+03:00" level=fatal msg="Ошибка подключения к базе: ошибка проверки соединения: dial tcp: lookup postgres_db: no such host"
time="2025-07-19T01:19:53+03:00" level=info msg="Лог-файл подключён:logs/app.log"
time="2025-07-19T01:19:53+03:00" level=info msg="Логгер инициализирован"
time="2025-07-19T01:19:53+03:00" level=fatal msg="Ошибка подключения к базе: ошибка проверки соединения: dial tcp: lookup postgres_db: no such host"
time="2025-07-19T01:20:12+03:00" level=info msg="Лог-файл подключён:logs/app.log"
time="2025-07-19T01:20:12+03:00" level=info msg="Логгер инициализирован"
time="2025-07-19T01:20:12+03:00" level=fatal msg="Ошибка подключения к базе: ошибка проверки соединения: dial tcp: lookup postgres_db: no such host"
time="2025-07-19T01:20:32+03:00" level=info msg="Лог-файл подключён:logs/app.log"
time="2025-07-19T01:20:32+03:00" level=info msg="Логгер инициализирован"
time="2025-07-19T01:20:32+03:00" level=info msg="Подключение к базе данных установлено"
time="2025-07-19T01:20:32+03:00" level=info msg="Сервер запущен на порту 8081"
time="2025-07-19T01:20:37+03:00" level=info msg="Запрос на получение всех подписок"
time="2025-07-19T01:20:37+03:00" level=info msg="Получено 6 подписок"
